<?xml version="1.0" encoding="UTF-8"?>
<testng-results ignored="0" total="1" passed="1" failed="0" skipped="0">
  <reporter-output>
  </reporter-output>
  <suite started-at="2023-09-18T21:20:24 IST" name="Default suite" finished-at="2023-09-18T21:21:25 IST" duration-ms="61400">
    <groups>
    </groups>
    <test started-at="2023-09-18T21:20:24 IST" name="Default test" finished-at="2023-09-18T21:21:25 IST" duration-ms="61400">
      <class name="com.amdocs.ajio.testCases.indexpagetest">
        <test-method is-config="true" signature="setup()[pri:0, instance:com.amdocs.ajio.testCases.indexpagetest@68c72235]" started-at="2023-09-18T21:20:24 IST" name="setup" finished-at="2023-09-18T21:20:32 IST" duration-ms="8541" status="PASS">
          <reporter-output>
          </reporter-output>
        </test-method> <!-- setup -->
        <test-method signature="loginTest()[pri:0, instance:com.amdocs.ajio.testCases.indexpagetest@68c72235]" started-at="2023-09-18T21:20:32 IST" name="loginTest" finished-at="2023-09-18T21:21:25 IST" duration-ms="52822" status="PASS">
          <reporter-output>
          </reporter-output>
        </test-method> <!-- loginTest -->
      </class> <!-- com.amdocs.ajio.testCases.indexpagetest -->
    </test> <!-- Default test -->
  </suite> <!-- Default suite -->
</testng-results>
